<?xml version="1.0" encoding="UTF-8"?>
<!-- Generated by org.testng.reporters.JUnitReportReporter -->
<testsuite hostname="DESKTOP-P90V53U" failures="0" tests="8" name="com.github.tests.CRUD.ValidateAddAndDeleteData_Functionality" time="4.848" errors="0" timestamp="2024-03-21T11:28:38 PDT" skipped="0">
  <testcase classname="com.github.tests.CRUD.ValidateAddAndDeleteData_Functionality" name="validateGetSingleRepo" time="1.552"/>
  <system-out/>
  <testcase classname="com.github.tests.CRUD.ValidateAddAndDeleteData_Functionality" name="validateGetNonExistSingleRepo" time="0.266"/>
  <system-out/>
  <testcase classname="com.github.tests.CRUD.ValidateAddAndDeleteData_Functionality" name="validateGetAllRepos" time="0.674"/>
  <system-out/>
  <testcase classname="com.github.tests.CRUD.ValidateAddAndDeleteData_Functionality" name="validateCreateRepofunctionality" time="0.905"/>
  <system-out/>
  <testcase classname="com.github.tests.CRUD.ValidateAddAndDeleteData_Functionality" name="validateExistingRepoErrorfunctionality" time="0.275"/>
  <system-out/>
  <testcase classname="com.github.tests.CRUD.ValidateAddAndDeleteData_Functionality" name="validateUpdateRepofunctionality" time="0.522"/>
  <system-out/>
  <testcase classname="com.github.tests.CRUD.ValidateAddAndDeleteData_Functionality" name="validateDeleteRepoFunctionality" time="0.386"/>
  <system-out/>
  <testcase classname="com.github.tests.CRUD.ValidateAddAndDeleteData_Functionality" name="validateDeletedRepoErrorfunctionality" time="0.268"/>
  <system-out/>
</testsuite> <!-- com.github.tests.CRUD.ValidateAddAndDeleteData_Functionality -->
