<?xml version="1.0" encoding="UTF-8"?>
<!-- Generated by org.testng.reporters.JUnitReportReporter -->
<testsuite hostname="DESKTOP-P90V53U" failures="0" tests="8" name="com.github.tests.CRUD.ValidateAddAndDeleteData_Functionality" time="5.324" errors="0" timestamp="2024-03-20T21:45:56 PDT" skipped="0">
  <testcase classname="com.github.tests.CRUD.ValidateAddAndDeleteData_Functionality" name="validateGetSingleRepo" time="1.700"/>
  <system-out/>
  <testcase classname="com.github.tests.CRUD.ValidateAddAndDeleteData_Functionality" name="validateGetNonExistSingleRepo" time="0.297"/>
  <system-out/>
  <testcase classname="com.github.tests.CRUD.ValidateAddAndDeleteData_Functionality" name="validateGetAllRepos" time="0.388"/>
  <system-out/>
  <testcase classname="com.github.tests.CRUD.ValidateAddAndDeleteData_Functionality" name="validateCreateRepofunctionality" time="0.984"/>
  <system-out/>
  <testcase classname="com.github.tests.CRUD.ValidateAddAndDeleteData_Functionality" name="validateExistingRepoErrorfunctionality" time="0.398"/>
  <system-out/>
  <testcase classname="com.github.tests.CRUD.ValidateAddAndDeleteData_Functionality" name="validateUpdateRepofunctionality" time="0.769"/>
  <system-out/>
  <testcase classname="com.github.tests.CRUD.ValidateAddAndDeleteData_Functionality" name="validateDeleteRepoFunctionality" time="0.479"/>
  <system-out/>
  <testcase classname="com.github.tests.CRUD.ValidateAddAndDeleteData_Functionality" name="validateDeletedRepoErrorfunctionality" time="0.309"/>
  <system-out/>
</testsuite> <!-- com.github.tests.CRUD.ValidateAddAndDeleteData_Functionality -->
